<?xml version="1.0" encoding="UTF-8"?>
<TestRun id="5e4b9674-cbe6-403e-a99b-e9eb0f499bfd" name="David.Kerr@DAVEKERRDESKTOP 2011-11-09 12:49:36" runUser="HEADQUARTERS\David.Kerr" xmlns="http://microsoft.com/schemas/VisualStudio/TeamTest/2010">
  <TestSettings name="Local" id="ebe45625-bdc8-4ddc-b1fe-dfc95461da9b">
    <Description>These are default test settings for a local test run.</Description>
    <Deployment enabled="false" runDeploymentRoot="David.Kerr_DAVEKERRDESKTOP 2011-11-09 12_49_36">
      <DeploymentItem filename="C:\Users\david.kerr\Dropbox\CompositeDataFramework\CSDFServer\bin\Debug\CSDFServer.dll" />
    </Deployment>
    <Execution>
      <TestTypeSpecific />
      <AgentRule name="Execution Agents">
      </AgentRule>
    </Execution>
  </TestSettings>
  <Times creation="2011-11-09T12:49:36.4536029+00:00" queuing="2011-11-09T12:49:42.3826029+00:00" start="2011-11-09T12:49:42.5886029+00:00" finish="2011-11-09T12:51:25.6156029+00:00" />
  <ResultSummary outcome="Error">
    <Counters total="1" executed="1" error="0" failed="0" timeout="0" aborted="1" inconclusive="0" passedButRunAborted="0" notRunnable="0" notExecuted="0" disconnected="0" warning="0" passed="0" completed="0" inProgress="0" pending="0" />
    <RunInfos>
      <RunInfo computerName="DAVEKERRDESKTOP" outcome="Error" timestamp="2011-11-09T12:51:25.6146029+00:00">
        <Text>Test host process exited unexpectedly.</Text>
      </RunInfo>
    </RunInfos>
  </ResultSummary>
  <TestDefinitions>
    <UnitTest name="AggregateMetadataTest" storage="c:\users\david.kerr\dropbox\compositedataframework\csdfserver.tests\bin\debug\csdfserver.tests.dll" id="e1937272-fdd3-8fad-7480-a8a92041cf2b">
      <Execution id="c3590205-eaee-45b9-831f-866b1847399e" />
      <TestMethod codeBase="C:/Users/david.kerr/Dropbox/CompositeDataFramework/CSDFServer.Tests/bin/Debug/CSDFServer.Tests.DLL" adapterTypeName="Microsoft.VisualStudio.TestTools.TestTypes.Unit.UnitTestAdapter, Microsoft.VisualStudio.QualityTools.Tips.UnitTest.Adapter, Version=10.0.0.0, Culture=neutral, PublicKeyToken=b03f5f7f11d50a3a" className="CSDFServer.Tests.MetadataAggregatorTest, CSDFServer.Tests, Version=1.0.0.0, Culture=neutral, PublicKeyToken=null" name="AggregateMetadataTest" />
    </UnitTest>
  </TestDefinitions>
  <TestLists>
    <TestList name="Results Not in a List" id="8c84fa94-04c1-424b-9868-57a2d4851a1d" />
    <TestList name="All Loaded Results" id="19431567-8539-422a-85d7-44ee4e166bda" />
  </TestLists>
  <TestEntries>
    <TestEntry testId="e1937272-fdd3-8fad-7480-a8a92041cf2b" executionId="c3590205-eaee-45b9-831f-866b1847399e" testListId="8c84fa94-04c1-424b-9868-57a2d4851a1d" />
  </TestEntries>
  <Results>
    <UnitTestResult executionId="c3590205-eaee-45b9-831f-866b1847399e" testId="e1937272-fdd3-8fad-7480-a8a92041cf2b" testName="AggregateMetadataTest" computerName="DAVEKERRDESKTOP" duration="00:01:42.8360000" startTime="2011-11-09T12:49:42.7796029+00:00" endTime="2011-11-09T12:51:25.6156029+00:00" testType="13cdc9d9-ddb5-4fa4-a97d-d965ccfc6d4b" outcome="Aborted" testListId="8c84fa94-04c1-424b-9868-57a2d4851a1d" relativeResultsDirectory="c3590205-eaee-45b9-831f-866b1847399e">
    </UnitTestResult>
  </Results>
</TestRun>